mode: set
github.com/MatiasDBonis/hackaton-bootcamp-go.git/internal/invoices/repository.go:20.43,22.2 1 1
github.com/MatiasDBonis/hackaton-bootcamp-go.git/internal/invoices/repository.go:24.79,26.16 2 1
github.com/MatiasDBonis/hackaton-bootcamp-go.git/internal/invoices/repository.go:29.2,32.16 3 1
github.com/MatiasDBonis/hackaton-bootcamp-go.git/internal/invoices/repository.go:35.2,36.23 2 0
github.com/MatiasDBonis/hackaton-bootcamp-go.git/internal/invoices/repository.go:40.2,40.21 1 0
github.com/MatiasDBonis/hackaton-bootcamp-go.git/internal/invoices/repository.go:26.16,28.3 1 0
github.com/MatiasDBonis/hackaton-bootcamp-go.git/internal/invoices/repository.go:32.16,34.3 1 1
github.com/MatiasDBonis/hackaton-bootcamp-go.git/internal/invoices/repository.go:36.23,38.3 1 0
github.com/MatiasDBonis/hackaton-bootcamp-go.git/internal/invoices/repository.go:43.79,45.16 2 1
github.com/MatiasDBonis/hackaton-bootcamp-go.git/internal/invoices/repository.go:48.2,51.16 3 1
github.com/MatiasDBonis/hackaton-bootcamp-go.git/internal/invoices/repository.go:54.2,55.23 2 0
github.com/MatiasDBonis/hackaton-bootcamp-go.git/internal/invoices/repository.go:59.2,59.21 1 0
github.com/MatiasDBonis/hackaton-bootcamp-go.git/internal/invoices/repository.go:45.16,47.3 1 0
github.com/MatiasDBonis/hackaton-bootcamp-go.git/internal/invoices/repository.go:51.16,53.3 1 1
github.com/MatiasDBonis/hackaton-bootcamp-go.git/internal/invoices/repository.go:55.23,57.3 1 0
github.com/MatiasDBonis/hackaton-bootcamp-go.git/internal/invoices/service.go:18.48,20.2 1 1
github.com/MatiasDBonis/hackaton-bootcamp-go.git/internal/invoices/service.go:22.70,26.35 3 1
github.com/MatiasDBonis/hackaton-bootcamp-go.git/internal/invoices/service.go:33.2,33.31 1 1
github.com/MatiasDBonis/hackaton-bootcamp-go.git/internal/invoices/service.go:36.2,36.26 1 0
github.com/MatiasDBonis/hackaton-bootcamp-go.git/internal/invoices/service.go:26.35,28.17 2 1
github.com/MatiasDBonis/hackaton-bootcamp-go.git/internal/invoices/service.go:28.17,30.4 1 0
github.com/MatiasDBonis/hackaton-bootcamp-go.git/internal/invoices/service.go:33.31,35.3 1 1
github.com/MatiasDBonis/hackaton-bootcamp-go.git/internal/invoices/service.go:39.76,41.2 1 1
