mode: set
github.com/MatiasDBonis/hackaton-bootcamp-go.git/internal/customers/service.go:18.48,20.2 1 1
github.com/MatiasDBonis/hackaton-bootcamp-go.git/internal/customers/service.go:22.72,26.37 3 1
github.com/MatiasDBonis/hackaton-bootcamp-go.git/internal/customers/service.go:33.2,33.31 1 1
github.com/MatiasDBonis/hackaton-bootcamp-go.git/internal/customers/service.go:36.2,36.26 1 1
github.com/MatiasDBonis/hackaton-bootcamp-go.git/internal/customers/service.go:26.37,28.17 2 1
github.com/MatiasDBonis/hackaton-bootcamp-go.git/internal/customers/service.go:28.17,30.4 1 1
github.com/MatiasDBonis/hackaton-bootcamp-go.git/internal/customers/service.go:33.31,35.3 1 1
github.com/MatiasDBonis/hackaton-bootcamp-go.git/internal/customers/service.go:39.79,41.2 1 1
github.com/MatiasDBonis/hackaton-bootcamp-go.git/internal/customers/repository.go:20.43,22.2 1 1
github.com/MatiasDBonis/hackaton-bootcamp-go.git/internal/customers/repository.go:24.82,27.16 2 1
github.com/MatiasDBonis/hackaton-bootcamp-go.git/internal/customers/repository.go:30.2,33.16 3 1
github.com/MatiasDBonis/hackaton-bootcamp-go.git/internal/customers/repository.go:37.2,37.22 1 1
github.com/MatiasDBonis/hackaton-bootcamp-go.git/internal/customers/repository.go:27.16,29.3 1 0
github.com/MatiasDBonis/hackaton-bootcamp-go.git/internal/customers/repository.go:33.16,35.3 1 1
github.com/MatiasDBonis/hackaton-bootcamp-go.git/internal/customers/repository.go:40.82,42.16 2 1
github.com/MatiasDBonis/hackaton-bootcamp-go.git/internal/customers/repository.go:45.2,48.16 3 1
github.com/MatiasDBonis/hackaton-bootcamp-go.git/internal/customers/repository.go:51.2,52.23 2 1
github.com/MatiasDBonis/hackaton-bootcamp-go.git/internal/customers/repository.go:56.2,56.22 1 1
github.com/MatiasDBonis/hackaton-bootcamp-go.git/internal/customers/repository.go:42.16,44.3 1 0
github.com/MatiasDBonis/hackaton-bootcamp-go.git/internal/customers/repository.go:48.16,50.3 1 0
github.com/MatiasDBonis/hackaton-bootcamp-go.git/internal/customers/repository.go:52.23,54.3 1 1
