mode: set
github.com/MatiasDBonis/hackaton-bootcamp-go.git/internal/sales/service.go:18.48,20.2 1 1
github.com/MatiasDBonis/hackaton-bootcamp-go.git/internal/sales/service.go:22.64,26.29 3 1
github.com/MatiasDBonis/hackaton-bootcamp-go.git/internal/sales/service.go:33.2,33.31 1 1
github.com/MatiasDBonis/hackaton-bootcamp-go.git/internal/sales/service.go:36.2,36.26 1 1
github.com/MatiasDBonis/hackaton-bootcamp-go.git/internal/sales/service.go:26.29,28.17 2 1
github.com/MatiasDBonis/hackaton-bootcamp-go.git/internal/sales/service.go:28.17,30.4 1 1
github.com/MatiasDBonis/hackaton-bootcamp-go.git/internal/sales/service.go:33.31,35.3 1 1
github.com/MatiasDBonis/hackaton-bootcamp-go.git/internal/sales/service.go:39.67,41.2 1 1
github.com/MatiasDBonis/hackaton-bootcamp-go.git/internal/sales/repository.go:20.43,22.2 1 1
github.com/MatiasDBonis/hackaton-bootcamp-go.git/internal/sales/repository.go:24.70,26.16 2 1
github.com/MatiasDBonis/hackaton-bootcamp-go.git/internal/sales/repository.go:29.2,32.16 3 1
github.com/MatiasDBonis/hackaton-bootcamp-go.git/internal/sales/repository.go:36.2,36.18 1 1
github.com/MatiasDBonis/hackaton-bootcamp-go.git/internal/sales/repository.go:26.16,28.3 1 0
github.com/MatiasDBonis/hackaton-bootcamp-go.git/internal/sales/repository.go:32.16,34.3 1 1
github.com/MatiasDBonis/hackaton-bootcamp-go.git/internal/sales/repository.go:39.70,41.16 2 1
github.com/MatiasDBonis/hackaton-bootcamp-go.git/internal/sales/repository.go:44.2,47.16 3 1
github.com/MatiasDBonis/hackaton-bootcamp-go.git/internal/sales/repository.go:50.2,51.23 2 1
github.com/MatiasDBonis/hackaton-bootcamp-go.git/internal/sales/repository.go:55.2,55.18 1 1
github.com/MatiasDBonis/hackaton-bootcamp-go.git/internal/sales/repository.go:41.16,43.3 1 0
github.com/MatiasDBonis/hackaton-bootcamp-go.git/internal/sales/repository.go:47.16,49.3 1 0
github.com/MatiasDBonis/hackaton-bootcamp-go.git/internal/sales/repository.go:51.23,53.3 1 1
